<?xml version="1.0" encoding="UTF-8"?>
<!-- Generated by org.testng.reporters.JUnitReportReporter -->
<testsuite hostname="DESKTOP-H8G03RG" failures="0" tests="5" name="testingMusicStoreChrome" time="238.909" errors="0" timestamp="2020-02-01T20:16:26 CET" skipped="0">
  <testcase classname="testingMusicStoreChrome" name="signInWithNoPassword" time="27.552"/>
  <system-out/>
  <testcase classname="testingMusicStoreChrome" name="signOut" time="51.273"/>
  <system-out/>
  <testcase classname="testingMusicStoreChrome" name="deleteItemFromCart" time="62.137"/>
  <system-out/>
  <testcase classname="testingMusicStoreChrome" name="addElementToCart" time="57.173"/>
  <system-out/>
  <testcase classname="testingMusicStoreChrome" name="signIn" time="40.774"/>
  <system-out/>
</testsuite> <!-- testingMusicStoreChrome -->
